This is pdfTeX, Version 3.14159265-2.6-1.40.16 (TeX Live 2015/Debian) (preloaded format=pdflatex 2017.8.28)  3 OCT 2017 16:12
entering extended mode
 restricted \write18 enabled.
 %&-line parsing enabled.
**main.tex
(./main.tex
LaTeX2e <2016/02/01>
Babel <3.9q> and hyphenation patterns for 81 language(s) loaded.
(/usr/share/texlive/texmf-dist/tex/latex/base/report.cls
Document Class: report 2014/09/29 v1.4h Standard LaTeX document class
(/usr/share/texlive/texmf-dist/tex/latex/base/size11.clo
File: size11.clo 2014/09/29 v1.4h Standard LaTeX file (size option)
)
\c@part=\count79
\c@chapter=\count80
\c@section=\count81
\c@subsection=\count82
\c@subsubsection=\count83
\c@paragraph=\count84
\c@subparagraph=\count85
\c@figure=\count86
\c@table=\count87
\abovecaptionskip=\skip41
\belowcaptionskip=\skip42
\bibindent=\dimen102
) (./styledefs.tex (/usr/share/texlive/texmf-dist/tex/latex/nextpage/nextpage.s
ty
Package: nextpage 2009/09/03 v1.1a additional page commands
) (/usr/share/texlive/texmf-dist/tex/latex/psnfss/times.sty
Package: times 2005/04/12 PSNFSS-v9.2a (SPQR) 
) (./lineno.sty
Package: lineno 2005/11/02 line numbers on paragraphs v4.41
\linenopenalty=\count88
\output=\toks14
\linenoprevgraf=\count89
\linenumbersep=\dimen103
\linenumberwidth=\dimen104
\c@linenumber=\count90
\c@pagewiselinenumber=\count91
\c@LN@truepage=\count92

Package lineno Warning: Option [displaymath] is obsolete -- default now!.

\c@internallinenumber=\count93
\c@internallinenumbers=\count94
\quotelinenumbersep=\dimen105
\bframerule=\dimen106
\bframesep=\dimen107
\bframebox=\box26
LaTeX Info: Redefining \\ on input line 3056.
) (/usr/share/texlive/texmf-dist/tex/latex/base/inputenc.sty
Package: inputenc 2015/03/17 v1.2c Input encoding file
\inpenc@prehook=\toks15
\inpenc@posthook=\toks16
(/usr/share/texlive/texmf-dist/tex/latex/base/utf8.def
File: utf8.def 2015/12/03 v1.1r UTF-8 support for inputenc
Now handling font encoding OML ...
... no UTF-8 mapping file for font encoding OML
Now handling font encoding T1 ...
... processing UTF-8 mapping file for font encoding T1
(/usr/share/texlive/texmf-dist/tex/latex/base/t1enc.dfu
File: t1enc.dfu 2015/12/03 v1.1r UTF-8 support for inputenc
   defining Unicode char U+00A0 (decimal 160)
   defining Unicode char U+00A1 (decimal 161)
   defining Unicode char U+00A3 (decimal 163)
   defining Unicode char U+00AB (decimal 171)
   defining Unicode char U+00AD (decimal 173)
   defining Unicode char U+00BB (decimal 187)
   defining Unicode char U+00BF (decimal 191)
   defining Unicode char U+00C0 (decimal 192)
   defining Unicode char U+00C1 (decimal 193)
   defining Unicode char U+00C2 (decimal 194)
   defining Unicode char U+00C3 (decimal 195)
   defining Unicode char U+00C4 (decimal 196)
   defining Unicode char U+00C5 (decimal 197)
   defining Unicode char U+00C6 (decimal 198)
   defining Unicode char U+00C7 (decimal 199)
   defining Unicode char U+00C8 (decimal 200)
   defining Unicode char U+00C9 (decimal 201)
   defining Unicode char U+00CA (decimal 202)
   defining Unicode char U+00CB (decimal 203)
   defining Unicode char U+00CC (decimal 204)
   defining Unicode char U+00CD (decimal 205)
   defining Unicode char U+00CE (decimal 206)
   defining Unicode char U+00CF (decimal 207)
   defining Unicode char U+00D0 (decimal 208)
   defining Unicode char U+00D1 (decimal 209)
   defining Unicode char U+00D2 (decimal 210)
   defining Unicode char U+00D3 (decimal 211)
   defining Unicode char U+00D4 (decimal 212)
   defining Unicode char U+00D5 (decimal 213)
   defining Unicode char U+00D6 (decimal 214)
   defining Unicode char U+00D8 (decimal 216)
   defining Unicode char U+00D9 (decimal 217)
   defining Unicode char U+00DA (decimal 218)
   defining Unicode char U+00DB (decimal 219)
   defining Unicode char U+00DC (decimal 220)
   defining Unicode char U+00DD (decimal 221)
   defining Unicode char U+00DE (decimal 222)
   defining Unicode char U+00DF (decimal 223)
   defining Unicode char U+00E0 (decimal 224)
   defining Unicode char U+00E1 (decimal 225)
   defining Unicode char U+00E2 (decimal 226)
   defining Unicode char U+00E3 (decimal 227)
   defining Unicode char U+00E4 (decimal 228)
   defining Unicode char U+00E5 (decimal 229)
   defining Unicode char U+00E6 (decimal 230)
   defining Unicode char U+00E7 (decimal 231)
   defining Unicode char U+00E8 (decimal 232)
   defining Unicode char U+00E9 (decimal 233)
   defining Unicode char U+00EA (decimal 234)
   defining Unicode char U+00EB (decimal 235)
   defining Unicode char U+00EC (decimal 236)
   defining Unicode char U+00ED (decimal 237)
   defining Unicode char U+00EE (decimal 238)
   defining Unicode char U+00EF (decimal 239)
   defining Unicode char U+00F0 (decimal 240)
   defining Unicode char U+00F1 (decimal 241)
   defining Unicode char U+00F2 (decimal 242)
   defining Unicode char U+00F3 (decimal 243)
   defining Unicode char U+00F4 (decimal 244)
   defining Unicode char U+00F5 (decimal 245)
   defining Unicode char U+00F6 (decimal 246)
   defining Unicode char U+00F8 (decimal 248)
   defining Unicode char U+00F9 (decimal 249)
   defining Unicode char U+00FA (decimal 250)
   defining Unicode char U+00FB (decimal 251)
   defining Unicode char U+00FC (decimal 252)
   defining Unicode char U+00FD (decimal 253)
   defining Unicode char U+00FE (decimal 254)
   defining Unicode char U+00FF (decimal 255)
   defining Unicode char U+0100 (decimal 256)
   defining Unicode char U+0101 (decimal 257)
   defining Unicode char U+0102 (decimal 258)
   defining Unicode char U+0103 (decimal 259)
   defining Unicode char U+0104 (decimal 260)
   defining Unicode char U+0105 (decimal 261)
   defining Unicode char U+0106 (decimal 262)
   defining Unicode char U+0107 (decimal 263)
   defining Unicode char U+0108 (decimal 264)
   defining Unicode char U+0109 (decimal 265)
   defining Unicode char U+010A (decimal 266)
   defining Unicode char U+010B (decimal 267)
   defining Unicode char U+010C (decimal 268)
   defining Unicode char U+010D (decimal 269)
   defining Unicode char U+010E (decimal 270)
   defining Unicode char U+010F (decimal 271)
   defining Unicode char U+0110 (decimal 272)
   defining Unicode char U+0111 (decimal 273)
   defining Unicode char U+0112 (decimal 274)
   defining Unicode char U+0113 (decimal 275)
   defining Unicode char U+0114 (decimal 276)
   defining Unicode char U+0115 (decimal 277)
   defining Unicode char U+0116 (decimal 278)
   defining Unicode char U+0117 (decimal 279)
   defining Unicode char U+0118 (decimal 280)
   defining Unicode char U+0119 (decimal 281)
   defining Unicode char U+011A (decimal 282)
   defining Unicode char U+011B (decimal 283)
   defining Unicode char U+011C (decimal 284)
   defining Unicode char U+011D (decimal 285)
   defining Unicode char U+011E (decimal 286)
   defining Unicode char U+011F (decimal 287)
   defining Unicode char U+0120 (decimal 288)
   defining Unicode char U+0121 (decimal 289)
   defining Unicode char U+0122 (decimal 290)
   defining Unicode char U+0123 (decimal 291)
   defining Unicode char U+0124 (decimal 292)
   defining Unicode char U+0125 (decimal 293)
   defining Unicode char U+0128 (decimal 296)
   defining Unicode char U+0129 (decimal 297)
   defining Unicode char U+012A (decimal 298)
   defining Unicode char U+012B (decimal 299)
   defining Unicode char U+012C (decimal 300)
   defining Unicode char U+012D (decimal 301)
   defining Unicode char U+012E (decimal 302)
   defining Unicode char U+012F (decimal 303)
   defining Unicode char U+0130 (decimal 304)
   defining Unicode char U+0131 (decimal 305)
   defining Unicode char U+0132 (decimal 306)
   defining Unicode char U+0133 (decimal 307)
   defining Unicode char U+0134 (decimal 308)
   defining Unicode char U+0135 (decimal 309)
   defining Unicode char U+0136 (decimal 310)
   defining Unicode char U+0137 (decimal 311)
   defining Unicode char U+0139 (decimal 313)
   defining Unicode char U+013A (decimal 314)
   defining Unicode char U+013B (decimal 315)
   defining Unicode char U+013C (decimal 316)
   defining Unicode char U+013D (decimal 317)
   defining Unicode char U+013E (decimal 318)
   defining Unicode char U+0141 (decimal 321)
   defining Unicode char U+0142 (decimal 322)
   defining Unicode char U+0143 (decimal 323)
   defining Unicode char U+0144 (decimal 324)
   defining Unicode char U+0145 (decimal 325)
   defining Unicode char U+0146 (decimal 326)
   defining Unicode char U+0147 (decimal 327)
   defining Unicode char U+0148 (decimal 328)
   defining Unicode char U+014A (decimal 330)
   defining Unicode char U+014B (decimal 331)
   defining Unicode char U+014C (decimal 332)
   defining Unicode char U+014D (decimal 333)
   defining Unicode char U+014E (decimal 334)
   defining Unicode char U+014F (decimal 335)
   defining Unicode char U+0150 (decimal 336)
   defining Unicode char U+0151 (decimal 337)
   defining Unicode char U+0152 (decimal 338)
   defining Unicode char U+0153 (decimal 339)
   defining Unicode char U+0154 (decimal 340)
   defining Unicode char U+0155 (decimal 341)
   defining Unicode char U+0156 (decimal 342)
   defining Unicode char U+0157 (decimal 343)
   defining Unicode char U+0158 (decimal 344)
   defining Unicode char U+0159 (decimal 345)
   defining Unicode char U+015A (decimal 346)
   defining Unicode char U+015B (decimal 347)
   defining Unicode char U+015C (decimal 348)
   defining Unicode char U+015D (decimal 349)
   defining Unicode char U+015E (decimal 350)
   defining Unicode char U+015F (decimal 351)
   defining Unicode char U+0160 (decimal 352)
   defining Unicode char U+0161 (decimal 353)
   defining Unicode char U+0162 (decimal 354)
   defining Unicode char U+0163 (decimal 355)
   defining Unicode char U+0164 (decimal 356)
   defining Unicode char U+0165 (decimal 357)
   defining Unicode char U+0168 (decimal 360)
   defining Unicode char U+0169 (decimal 361)
   defining Unicode char U+016A (decimal 362)
   defining Unicode char U+016B (decimal 363)
   defining Unicode char U+016C (decimal 364)
   defining Unicode char U+016D (decimal 365)
   defining Unicode char U+016E (decimal 366)
   defining Unicode char U+016F (decimal 367)
   defining Unicode char U+0170 (decimal 368)
   defining Unicode char U+0171 (decimal 369)
   defining Unicode char U+0172 (decimal 370)
   defining Unicode char U+0173 (decimal 371)
   defining Unicode char U+0174 (decimal 372)
   defining Unicode char U+0175 (decimal 373)
   defining Unicode char U+0176 (decimal 374)
   defining Unicode char U+0177 (decimal 375)
   defining Unicode char U+0178 (decimal 376)
   defining Unicode char U+0179 (decimal 377)
   defining Unicode char U+017A (decimal 378)
   defining Unicode char U+017B (decimal 379)
   defining Unicode char U+017C (decimal 380)
   defining Unicode char U+017D (decimal 381)
   defining Unicode char U+017E (decimal 382)
   defining Unicode char U+01CD (decimal 461)
   defining Unicode char U+01CE (decimal 462)
   defining Unicode char U+01CF (decimal 463)
   defining Unicode char U+01D0 (decimal 464)
   defining Unicode char U+01D1 (decimal 465)
   defining Unicode char U+01D2 (decimal 466)
   defining Unicode char U+01D3 (decimal 467)
   defining Unicode char U+01D4 (decimal 468)
   defining Unicode char U+01E2 (decimal 482)
   defining Unicode char U+01E3 (decimal 483)
   defining Unicode char U+01E6 (decimal 486)
   defining Unicode char U+01E7 (decimal 487)
   defining Unicode char U+01E8 (decimal 488)
   defining Unicode char U+01E9 (decimal 489)
   defining Unicode char U+01EA (decimal 490)
   defining Unicode char U+01EB (decimal 491)
   defining Unicode char U+01F0 (decimal 496)
   defining Unicode char U+01F4 (decimal 500)
   defining Unicode char U+01F5 (decimal 501)
   defining Unicode char U+0218 (decimal 536)
   defining Unicode char U+0219 (decimal 537)
   defining Unicode char U+021A (decimal 538)
   defining Unicode char U+021B (decimal 539)
   defining Unicode char U+01E02 (decimal 7682)
   defining Unicode char U+01E03 (decimal 7683)
   defining Unicode char U+200C (decimal 8204)
   defining Unicode char U+2013 (decimal 8211)
   defining Unicode char U+2014 (decimal 8212)
   defining Unicode char U+2018 (decimal 8216)
   defining Unicode char U+2019 (decimal 8217)
   defining Unicode char U+201A (decimal 8218)
   defining Unicode char U+201C (decimal 8220)
   defining Unicode char U+201D (decimal 8221)
   defining Unicode char U+201E (decimal 8222)
   defining Unicode char U+2030 (decimal 8240)
   defining Unicode char U+2031 (decimal 8241)
   defining Unicode char U+2039 (decimal 8249)
   defining Unicode char U+203A (decimal 8250)
   defining Unicode char U+2423 (decimal 9251)
)
Now handling font encoding OT1 ...
... processing UTF-8 mapping file for font encoding OT1
(/usr/share/texlive/texmf-dist/tex/latex/base/ot1enc.dfu
File: ot1enc.dfu 2015/12/03 v1.1r UTF-8 support for inputenc
   defining Unicode char U+00A0 (decimal 160)
   defining Unicode char U+00A1 (decimal 161)
   defining Unicode char U+00A3 (decimal 163)
   defining Unicode char U+00AD (decimal 173)
   defining Unicode char U+00B8 (decimal 184)
   defining Unicode char U+00BF (decimal 191)
   defining Unicode char U+00C5 (decimal 197)
   defining Unicode char U+00C6 (decimal 198)
   defining Unicode char U+00D8 (decimal 216)
   defining Unicode char U+00DF (decimal 223)
   defining Unicode char U+00E6 (decimal 230)
   defining Unicode char U+00EC (decimal 236)
   defining Unicode char U+00ED (decimal 237)
   defining Unicode char U+00EE (decimal 238)
   defining Unicode char U+00EF (decimal 239)
   defining Unicode char U+00F8 (decimal 248)
   defining Unicode char U+0131 (decimal 305)
   defining Unicode char U+0141 (decimal 321)
   defining Unicode char U+0142 (decimal 322)
   defining Unicode char U+0152 (decimal 338)
   defining Unicode char U+0153 (decimal 339)
   defining Unicode char U+0174 (decimal 372)
   defining Unicode char U+0175 (decimal 373)
   defining Unicode char U+0176 (decimal 374)
   defining Unicode char U+0177 (decimal 375)
   defining Unicode char U+0218 (decimal 536)
   defining Unicode char U+0219 (decimal 537)
   defining Unicode char U+021A (decimal 538)
   defining Unicode char U+021B (decimal 539)
   defining Unicode char U+2013 (decimal 8211)
   defining Unicode char U+2014 (decimal 8212)
   defining Unicode char U+2018 (decimal 8216)
   defining Unicode char U+2019 (decimal 8217)
   defining Unicode char U+201C (decimal 8220)
   defining Unicode char U+201D (decimal 8221)
)
Now handling font encoding OMS ...
... processing UTF-8 mapping file for font encoding OMS
(/usr/share/texlive/texmf-dist/tex/latex/base/omsenc.dfu
File: omsenc.dfu 2015/12/03 v1.1r UTF-8 support for inputenc
   defining Unicode char U+00A7 (decimal 167)
   defining Unicode char U+00B6 (decimal 182)
   defining Unicode char U+00B7 (decimal 183)
   defining Unicode char U+2020 (decimal 8224)
   defining Unicode char U+2021 (decimal 8225)
   defining Unicode char U+2022 (decimal 8226)
)
Now handling font encoding OMX ...
... no UTF-8 mapping file for font encoding OMX
Now handling font encoding U ...
... no UTF-8 mapping file for font encoding U
   defining Unicode char U+00A9 (decimal 169)
   defining Unicode char U+00AA (decimal 170)
   defining Unicode char U+00AE (decimal 174)
   defining Unicode char U+00BA (decimal 186)
   defining Unicode char U+02C6 (decimal 710)
   defining Unicode char U+02DC (decimal 732)
   defining Unicode char U+200C (decimal 8204)
   defining Unicode char U+2026 (decimal 8230)
   defining Unicode char U+2122 (decimal 8482)
   defining Unicode char U+2423 (decimal 9251)
)) (/usr/share/texlive/texmf-dist/tex/latex/graphics/graphicx.sty
Package: graphicx 2014/10/28 v1.0g Enhanced LaTeX Graphics (DPC,SPQR)
(/usr/share/texlive/texmf-dist/tex/latex/graphics/keyval.sty
Package: keyval 2014/10/28 v1.15 key=value parser (DPC)
\KV@toks@=\toks17
) (/usr/share/texlive/texmf-dist/tex/latex/graphics/graphics.sty
Package: graphics 2016/01/03 v1.0q Standard LaTeX Graphics (DPC,SPQR)
(/usr/share/texlive/texmf-dist/tex/latex/graphics/trig.sty
Package: trig 2016/01/03 v1.10 sin cos tan (DPC)
) (/usr/share/texlive/texmf-dist/tex/latex/latexconfig/graphics.cfg
File: graphics.cfg 2010/04/23 v1.9 graphics configuration of TeX Live
)
Package graphics Info: Driver file: pdftex.def on input line 95.
(/usr/share/texlive/texmf-dist/tex/latex/pdftex-def/pdftex.def
File: pdftex.def 2011/05/27 v0.06d Graphics/color for pdfTeX
(/usr/share/texlive/texmf-dist/tex/generic/oberdiek/infwarerr.sty
Package: infwarerr 2010/04/08 v1.3 Providing info/warning/error messages (HO)
) (/usr/share/texlive/texmf-dist/tex/generic/oberdiek/ltxcmds.sty
Package: ltxcmds 2011/11/09 v1.22 LaTeX kernel commands for general use (HO)
)
\Gread@gobject=\count95
))
\Gin@req@height=\dimen108
\Gin@req@width=\dimen109
) (./picins.sty Option `picins' Version 3.0 Sep. 1992, TH Darmstadt/HRZ
\@BILD=\box27
\@TEXT=\box28
\d@breite=\dimen110
\d@hoehe=\dimen111
\d@xoff=\dimen112
\d@yoff=\dimen113
\d@shad=\dimen114
\d@dash=\dimen115
\d@boxl=\dimen116
\d@pichskip=\dimen117
\d@tmp=\dimen118
\d@tmpa=\dimen119
\d@bskip=\dimen120
\hsiz@=\dimen121
\p@getot@l=\dimen122
\c@breite=\count96
\c@hoehe=\count97
\c@xoff=\count98
\c@yoff=\count99
\c@pos=\count100
\c@shad=\count101
\c@dash=\count102
\c@boxl=\count103
\c@zeilen=\count104
\@changemode=\count105
\c@piccaption=\count106
\c@piccaptionpos=\count107
\c@picpos=\count108
\c@whole=\count109
\c@half=\count110
\c@tmp=\count111
\c@tmpa=\count112
\c@tmpb=\count113
\c@tmpc=\count114
\c@tmpd=\count115
\d@leftskip=\skip43
\ptoti=\dimen123
\ptotii=\dimen124
\env@box=\box29
\d@envdp=\dimen125
\c@hsize=\count116
\c@envdp=\count117
\d@envb=\dimen126
) (/usr/share/texlive/texmf-dist/tex/latex/ms/ragged2e.sty
Package: ragged2e 2009/05/21 v2.1 ragged2e Package (MS)
(/usr/share/texlive/texmf-dist/tex/latex/ms/everysel.sty
Package: everysel 2011/10/28 v1.2 EverySelectfont Package (MS)
)
\CenteringLeftskip=\skip44
\RaggedLeftLeftskip=\skip45
\RaggedRightLeftskip=\skip46
\CenteringRightskip=\skip47
\RaggedLeftRightskip=\skip48
\RaggedRightRightskip=\skip49
\CenteringParfillskip=\skip50
\RaggedLeftParfillskip=\skip51
\RaggedRightParfillskip=\skip52
\JustifyingParfillskip=\skip53
\CenteringParindent=\skip54
\RaggedLeftParindent=\skip55
\RaggedRightParindent=\skip56
\JustifyingParindent=\skip57
) (./pagesize.tex (/usr/share/texlive/texmf-dist/tex/latex/geometry/geometry.st
y
Package: geometry 2010/09/12 v5.6 Page Geometry
(/usr/share/texlive/texmf-dist/tex/generic/oberdiek/ifpdf.sty
Package: ifpdf 2011/01/30 v2.3 Provides the ifpdf switch (HO)
Package ifpdf Info: pdfTeX in PDF mode is detected.
) (/usr/share/texlive/texmf-dist/tex/generic/oberdiek/ifvtex.sty
Package: ifvtex 2010/03/01 v1.5 Detect VTeX and its facilities (HO)
Package ifvtex Info: VTeX not detected.
) (/usr/share/texlive/texmf-dist/tex/generic/ifxetex/ifxetex.sty
Package: ifxetex 2010/09/12 v0.6 Provides ifxetex conditional
)
\Gm@cnth=\count118
\Gm@cntv=\count119
\c@Gm@tempcnt=\count120
\Gm@bindingoffset=\dimen127
\Gm@wd@mp=\dimen128
\Gm@odd@mp=\dimen129
\Gm@even@mp=\dimen130
\Gm@layoutwidth=\dimen131
\Gm@layoutheight=\dimen132
\Gm@layouthoffset=\dimen133
\Gm@layoutvoffset=\dimen134
\Gm@dimlist=\toks18
)) (/usr/share/texlive/texmf-dist/tex/latex/graphics/color.sty
Package: color 2016/01/03 v1.1b Standard LaTeX Color (DPC)
(/usr/share/texlive/texmf-dist/tex/latex/latexconfig/color.cfg
File: color.cfg 2007/01/18 v1.5 color configuration of teTeX/TeXLive
)
Package color Info: Driver file: pdftex.def on input line 143.
) (/usr/share/texlive/texmf-dist/tex/latex/fancyhdr/fancyhdr.sty
\fancy@headwidth=\skip58
\f@ncyO@elh=\skip59
\f@ncyO@erh=\skip60
\f@ncyO@olh=\skip61
\f@ncyO@orh=\skip62
\f@ncyO@elf=\skip63
\f@ncyO@erf=\skip64
\f@ncyO@olf=\skip65
\f@ncyO@orf=\skip66
) (./svn.sty
Package: svn 2007/09/25 r43 Typeset Subversion keywords.
) (/usr/share/texlive/texmf-dist/tex/latex/listings/listings.sty
\lst@mode=\count121
\lst@gtempboxa=\box30
\lst@token=\toks19
\lst@length=\count122
\lst@currlwidth=\dimen135
\lst@column=\count123
\lst@pos=\count124
\lst@lostspace=\dimen136
\lst@width=\dimen137
\lst@newlines=\count125
\lst@lineno=\count126
\lst@maxwidth=\dimen138
(/usr/share/texlive/texmf-dist/tex/latex/listings/lstmisc.sty
File: lstmisc.sty 2015/06/04 1.6 (Carsten Heinz)
\c@lstnumber=\count127
\lst@skipnumbers=\count128
\lst@framebox=\box31
) (/usr/share/texlive/texmf-dist/tex/latex/listings/listings.cfg
File: listings.cfg 2015/06/04 1.6 listings configuration
))
Package: listings 2015/06/04 1.6 (Carsten Heinz)
(/usr/share/texlive/texmf-dist/tex/latex/tools/varioref.sty
Package: varioref 2015/09/22 v1.5b package for extended references (FMi)
\c@vrcnt=\count129
) (/home/hom/texmf/tex/latex/fontysstyle/quotchap.sty
Package: quotchap 1998/02/09 v0.9f Decorative Chapter Headings with Quotes
\@quotebox=\box32
) (/usr/share/texlive/texmf-dist/tex/latex/psnfss/helvet.sty
Package: helvet 2005/04/12 PSNFSS-v9.2a (WaS) 
) (/usr/share/texlive/texmf-dist/tex/latex/tools/array.sty
Package: array 2014/10/28 v2.4c Tabular extension package (FMi)
\col@sep=\dimen139
\extrarowheight=\dimen140
\NC@list=\toks20
\extratabsurround=\skip67
\backup@length=\skip68
) (/usr/share/texlive/texmf-dist/tex/latex/tools/longtable.sty
Package: longtable 2014/10/28 v4.11 Multi-page Table package (DPC)
\LTleft=\skip69
\LTright=\skip70
\LTpre=\skip71
\LTpost=\skip72
\LTchunksize=\count130
\LTcapwidth=\dimen141
\LT@head=\box33
\LT@firsthead=\box34
\LT@foot=\box35
\LT@lastfoot=\box36
\LT@cols=\count131
\LT@rows=\count132
\c@LT@tables=\count133
\c@LT@chunks=\count134
\LT@p@ftn=\toks21
) (/usr/share/texlive/texmf-dist/tex/latex/tools/calc.sty
Package: calc 2014/10/28 v4.3 Infix arithmetic (KKT,FJ)
\calc@Acount=\count135
\calc@Bcount=\count136
\calc@Adimen=\dimen142
\calc@Bdimen=\dimen143
\calc@Askip=\skip73
\calc@Bskip=\skip74
LaTeX Info: Redefining \setlength on input line 80.
LaTeX Info: Redefining \addtolength on input line 81.
\calc@Ccount=\count137
\calc@Cskip=\skip75
) (/usr/share/texlive/texmf-dist/tex/latex/multirow/multirow.sty
\bigstrutjot=\dimen144
) (/usr/share/texlive/texmf-dist/tex/latex/tools/hhline.sty
Package: hhline 2014/10/28 v2.03 Table rule package (DPC)
) (/usr/share/texlive/texmf-dist/tex/latex/base/ifthen.sty
Package: ifthen 2014/09/29 v1.1c Standard LaTeX ifthen package (DPC)
) (/usr/share/texlive/texmf-dist/tex/latex/jurabib/jurabib.sty
Package: jurabib 2004/01/25 v0.6 Extended citations
(/usr/share/texlive/texmf-dist/tex/latex/url/url.sty
\Urlmuskip=\muskip10
Package: url 2013/09/16  ver 3.4  Verb mode for urls, etc.
)
\c@ibidem@author=\count138
\c@multiple@author=\count139
LaTeX Info: Redefining \jbarchnameformat on input line 945.
\jb@subarchitemwidth=\skip76
\jb@subarchentrywidth=\skip77
LaTeX Info: Redefining \jbapifont on input line 1216.
\jb@urlfile=\write3
(./main.url)
\jb@tempfile=\read1
\openout3 = `main.url'.

\c@jbbibcnt=\count140
\c@jbbibcnta=\count141
\c@idemcnt=\count142
\c@bibnamereplace=\count143
\c@citefull=\count144
\c@opcit=\count145
\c@jb@cites@in@footnote=\count146
\jbbibhang=\skip78
\bibnumberwidth=\skip79
\jb@biblaw@entry@width=\skip80
\jb@biblaw@item@width=\skip81
LaTeX Font Info:    External font `cmex10' loaded for size
(Font)              <10.95> on input line 3438.
LaTeX Font Info:    External font `cmex10' loaded for size
(Font)              <8> on input line 3438.
LaTeX Font Info:    External font `cmex10' loaded for size
(Font)              <6> on input line 3438.
LaTeX Info: Redefining \cite on input line 3744.
\jb@length@i=\skip82
\jb@length@ii=\skip83
\jb@length@iii=\skip84
\jb@temptoks=\toks22
\jbedwidth=\skip85
\jb@ta=\toks23
\jb@tb=\toks24
Package jurabib Info: *** Local config file `jurabib.cfg' used ***

(/usr/share/texlive/texmf-dist/tex/latex/jurabib/jurabib.cfg
File: jurabib.cfg jurabib local configuration file
)) (/usr/share/texlive/texmf-dist/tex/latex/tools/theorem.sty
Package: theorem 2014/10/28 v2.2c Theorem extension package (FMi)
\theorem@style=\toks25
\theorem@bodyfont=\toks26
\theorempreskipamount=\skip86
\theorempostskipamount=\skip87
(/usr/share/texlive/texmf-dist/tex/latex/tools/thp.sty
File: thp.sty 2014/10/28 v2.2c Theorem extension package (FMi)
)) (/usr/share/texlive/texmf-dist/tex/latex/tools/thm.sty
File: thm.sty 2014/10/28 v2.2c Theorem extension package (FMi)
)
\c@Crit=\count147
(/usr/share/texlive/texmf-dist/tex/latex/fancybox/fancybox.sty
Package: fancybox 2010/05/15 1.4
Style option: `fancybox' v1.4 <2010/05/15> (tvz)
\@fancybox=\box37
\shadowsize=\dimen145
\@Sbox=\box38
\do@VerbBox=\toks27
\the@fancyput=\toks28
\this@fancyput=\toks29
\EndVerbatimTokens=\toks30
\Verbatim@Outfile=\write4
\Verbatim@Infile=\read2
) (/usr/share/texlive/texmf-dist/tex/latex/eso-pic/eso-pic.sty
Package: eso-pic 2015/07/21 v2.0g eso-pic (RN)
(/usr/share/texlive/texmf-dist/tex/generic/oberdiek/atbegshi.sty
Package: atbegshi 2011/10/05 v1.16 At begin shipout hook (HO)
)) (/usr/share/texlive/texmf-dist/tex/latex/colortbl/colortbl.sty
Package: colortbl 2012/02/13 v1.0a Color table columns (DPC)
\everycr=\toks31
\minrowclearance=\skip88
)
\savedwidth=\skip89
(/home/hom/texmf/tex/latex/fontysstyle/fontyscoverpage.sty (/home/hom/texmf/tex
/latex/fontysstyle/fourpagemultiple.sty (/usr/share/texlive/texmf-dist/tex/late
x/totpages/totpages.sty
Package: totpages 2005/09/19 v2.00 Totpages Package (muewi)
(/usr/share/texlive/texmf-dist/tex/latex/ms/everyshi.sty
Package: everyshi 2001/05/15 v3.00 EveryShipout Package (MS)
))) (/usr/share/texlive/texmf-dist/tex/latex/xcolor/xcolor.sty
Package: xcolor 2007/01/21 v2.11 LaTeX color extensions (UK)
(/usr/share/texlive/texmf-dist/tex/latex/latexconfig/color.cfg
File: color.cfg 2007/01/18 v1.5 color configuration of teTeX/TeXLive
)
Package xcolor Info: Driver file: pdftex.def on input line 225.
LaTeX Info: Redefining \color on input line 702.
Package xcolor Info: Model `cmy' substituted by `cmy0' on input line 1337.
Package xcolor Info: Model `hsb' substituted by `rgb' on input line 1341.
Package xcolor Info: Model `RGB' extended on input line 1353.
Package xcolor Info: Model `HTML' substituted by `rgb' on input line 1355.
Package xcolor Info: Model `Hsb' substituted by `hsb' on input line 1356.
Package xcolor Info: Model `tHsb' substituted by `hsb' on input line 1357.
Package xcolor Info: Model `HSB' substituted by `hsb' on input line 1358.
Package xcolor Info: Model `Gray' substituted by `gray' on input line 1359.
Package xcolor Info: Model `wave' substituted by `hsb' on input line 1360.
)) (/usr/share/texlive/texmf-dist/tex/latex/hyperref/hyperref.sty
Package: hyperref 2012/11/06 v6.83m Hypertext links for LaTeX
(/usr/share/texlive/texmf-dist/tex/generic/oberdiek/hobsub-hyperref.sty
Package: hobsub-hyperref 2012/05/28 v1.13 Bundle oberdiek, subset hyperref (HO)

(/usr/share/texlive/texmf-dist/tex/generic/oberdiek/hobsub-generic.sty
Package: hobsub-generic 2012/05/28 v1.13 Bundle oberdiek, subset generic (HO)
Package: hobsub 2012/05/28 v1.13 Construct package bundles (HO)
Package hobsub Info: Skipping package `infwarerr' (already loaded).
Package hobsub Info: Skipping package `ltxcmds' (already loaded).
Package: ifluatex 2010/03/01 v1.3 Provides the ifluatex switch (HO)
Package ifluatex Info: LuaTeX not detected.
Package hobsub Info: Skipping package `ifvtex' (already loaded).
Package: intcalc 2007/09/27 v1.1 Expandable calculations with integers (HO)
Package hobsub Info: Skipping package `ifpdf' (already loaded).
Package: etexcmds 2011/02/16 v1.5 Avoid name clashes with e-TeX commands (HO)
Package etexcmds Info: Could not find \expanded.
(etexcmds)             That can mean that you are not using pdfTeX 1.50 or
(etexcmds)             that some package has redefined \expanded.
(etexcmds)             In the latter case, load this package earlier.
Package: kvsetkeys 2012/04/25 v1.16 Key value parser (HO)
Package: kvdefinekeys 2011/04/07 v1.3 Define keys (HO)
Package: pdftexcmds 2011/11/29 v0.20 Utility functions of pdfTeX for LuaTeX (HO
)
Package pdftexcmds Info: LuaTeX not detected.
Package pdftexcmds Info: \pdf@primitive is available.
Package pdftexcmds Info: \pdf@ifprimitive is available.
Package pdftexcmds Info: \pdfdraftmode found.
Package: pdfescape 2011/11/25 v1.13 Implements pdfTeX's escape features (HO)
Package: bigintcalc 2012/04/08 v1.3 Expandable calculations on big integers (HO
)
Package: bitset 2011/01/30 v1.1 Handle bit-vector datatype (HO)
Package: uniquecounter 2011/01/30 v1.2 Provide unlimited unique counter (HO)
)
Package hobsub Info: Skipping package `hobsub' (already loaded).
Package: letltxmacro 2010/09/02 v1.4 Let assignment for LaTeX macros (HO)
Package: hopatch 2012/05/28 v1.2 Wrapper for package hooks (HO)
Package: xcolor-patch 2011/01/30 xcolor patch
Package: atveryend 2011/06/30 v1.8 Hooks at the very end of document (HO)
Package atveryend Info: \enddocument detected (standard20110627).
Package hobsub Info: Skipping package `atbegshi' (already loaded).
Package: refcount 2011/10/16 v3.4 Data extraction from label references (HO)
Package: hycolor 2011/01/30 v1.7 Color options for hyperref/bookmark (HO)
) (/usr/share/texlive/texmf-dist/tex/latex/oberdiek/auxhook.sty
Package: auxhook 2011/03/04 v1.3 Hooks for auxiliary files (HO)
) (/usr/share/texlive/texmf-dist/tex/latex/oberdiek/kvoptions.sty
Package: kvoptions 2011/06/30 v3.11 Key value format for package options (HO)
)
\@linkdim=\dimen146
\Hy@linkcounter=\count148
\Hy@pagecounter=\count149
(/usr/share/texlive/texmf-dist/tex/latex/hyperref/pd1enc.def
File: pd1enc.def 2012/11/06 v6.83m Hyperref: PDFDocEncoding definition (HO)
Now handling font encoding PD1 ...
... no UTF-8 mapping file for font encoding PD1
)
\Hy@SavedSpaceFactor=\count150
(/usr/share/texlive/texmf-dist/tex/latex/latexconfig/hyperref.cfg
File: hyperref.cfg 2002/06/06 v1.2 hyperref configuration of TeXLive
)
Package hyperref Info: Option `colorlinks' set `false' on input line 4319.
Package hyperref Info: Hyper figures OFF on input line 4443.
Package hyperref Info: Link nesting OFF on input line 4448.
Package hyperref Info: Hyper index ON on input line 4451.
Package hyperref Info: Plain pages OFF on input line 4458.
Package hyperref Info: Backreferencing OFF on input line 4463.
Package hyperref Info: Implicit mode ON; LaTeX internals redefined.
Package hyperref Info: Bookmarks ON on input line 4688.
\c@Hy@tempcnt=\count151
LaTeX Info: Redefining \url on input line 5041.
\XeTeXLinkMargin=\dimen147
\Fld@menulength=\count152
\Field@Width=\dimen148
\Fld@charsize=\dimen149
Package hyperref Info: Hyper figures OFF on input line 6295.
Package hyperref Info: Link nesting OFF on input line 6300.
Package hyperref Info: Hyper index ON on input line 6303.
Package hyperref Info: backreferencing OFF on input line 6310.
Package hyperref Info: Link coloring OFF on input line 6315.
Package hyperref Info: Link coloring with OCG OFF on input line 6320.
Package hyperref Info: PDF/A mode OFF on input line 6325.
LaTeX Info: Redefining \ref on input line 6365.
LaTeX Info: Redefining \pageref on input line 6369.
\Hy@abspage=\count153
\c@Item=\count154
\c@Hfootnote=\count155
)

Package hyperref Message: Driver: hpdftex.

(/usr/share/texlive/texmf-dist/tex/latex/hyperref/hpdftex.def
File: hpdftex.def 2012/11/06 v6.83m Hyperref driver for pdfTeX
\Fld@listcount=\count156
\c@bookmark@seq@number=\count157
(/usr/share/texlive/texmf-dist/tex/latex/oberdiek/rerunfilecheck.sty
Package: rerunfilecheck 2011/04/15 v1.7 Rerun checks for auxiliary files (HO)
Package uniquecounter Info: New unique counter `rerunfilecheck' on input line 2
82.
)
\Hy@SectionHShift=\skip90
)) (/usr/share/texlive/texmf-dist/tex/latex/amsmath/amsmath.sty
Package: amsmath 2016/03/03 v2.15a AMS math features
\@mathmargin=\skip91
For additional information on amsmath, use the `?' option.
(/usr/share/texlive/texmf-dist/tex/latex/amsmath/amstext.sty
Package: amstext 2000/06/29 v2.01 AMS text
(/usr/share/texlive/texmf-dist/tex/latex/amsmath/amsgen.sty
File: amsgen.sty 1999/11/30 v2.0 generic functions
\@emptytoks=\toks32
\ex@=\dimen150
)) (/usr/share/texlive/texmf-dist/tex/latex/amsmath/amsbsy.sty
Package: amsbsy 1999/11/29 v1.2d Bold Symbols
\pmbraise@=\dimen151
) (/usr/share/texlive/texmf-dist/tex/latex/amsmath/amsopn.sty
Package: amsopn 1999/12/14 v2.01 operator names
)
\inf@bad=\count158
LaTeX Info: Redefining \frac on input line 199.
\uproot@=\count159
\leftroot@=\count160
LaTeX Info: Redefining \overline on input line 297.
\classnum@=\count161
\DOTSCASE@=\count162
LaTeX Info: Redefining \ldots on input line 394.
LaTeX Info: Redefining \dots on input line 397.
LaTeX Info: Redefining \cdots on input line 518.
\Mathstrutbox@=\box39
\strutbox@=\box40
\big@size=\dimen152
LaTeX Font Info:    Redeclaring font encoding OML on input line 630.
LaTeX Font Info:    Redeclaring font encoding OMS on input line 631.
\macc@depth=\count163
\c@MaxMatrixCols=\count164
\dotsspace@=\muskip11
\c@parentequation=\count165
\dspbrk@lvl=\count166
\tag@help=\toks33
\row@=\count167
\column@=\count168
\maxfields@=\count169
\andhelp@=\toks34
\eqnshift@=\dimen153
\alignsep@=\dimen154
\tagshift@=\dimen155
\tagwidth@=\dimen156
\totwidth@=\dimen157
\lineht@=\dimen158
\@envbody=\toks35
\multlinegap=\skip92
\multlinetaggap=\skip93
\mathdisplay@stack=\toks36
LaTeX Info: Redefining \[ on input line 2735.
LaTeX Info: Redefining \] on input line 2736.
) (/usr/share/texlive/texmf-dist/tex/latex/base/textcomp.sty
Package: textcomp 2005/09/27 v1.99g Standard LaTeX package
Package textcomp Info: Sub-encoding information:
(textcomp)               5 = only ISO-Adobe without \textcurrency
(textcomp)               4 = 5 + \texteuro
(textcomp)               3 = 4 + \textohm
(textcomp)               2 = 3 + \textestimated + \textcurrency
(textcomp)               1 = TS1 - \textcircled - \t
(textcomp)               0 = TS1 (full)
(textcomp)             Font families with sub-encoding setting implement
(textcomp)             only a restricted character set as indicated.
(textcomp)             Family '?' is the default used for unknown fonts.
(textcomp)             See the documentation for details.
Package textcomp Info: Setting ? sub-encoding to TS1/1 on input line 79.
(/usr/share/texlive/texmf-dist/tex/latex/base/ts1enc.def
File: ts1enc.def 2001/06/05 v3.0e (jk/car/fm) Standard LaTeX file
Now handling font encoding TS1 ...
... processing UTF-8 mapping file for font encoding TS1
(/usr/share/texlive/texmf-dist/tex/latex/base/ts1enc.dfu
File: ts1enc.dfu 2015/12/03 v1.1r UTF-8 support for inputenc
   defining Unicode char U+00A2 (decimal 162)
   defining Unicode char U+00A3 (decimal 163)
   defining Unicode char U+00A4 (decimal 164)
   defining Unicode char U+00A5 (decimal 165)
   defining Unicode char U+00A6 (decimal 166)
   defining Unicode char U+00A7 (decimal 167)
   defining Unicode char U+00A8 (decimal 168)
   defining Unicode char U+00A9 (decimal 169)
   defining Unicode char U+00AA (decimal 170)
   defining Unicode char U+00AC (decimal 172)
   defining Unicode char U+00AE (decimal 174)
   defining Unicode char U+00AF (decimal 175)
   defining Unicode char U+00B0 (decimal 176)
   defining Unicode char U+00B1 (decimal 177)
   defining Unicode char U+00B2 (decimal 178)
   defining Unicode char U+00B3 (decimal 179)
   defining Unicode char U+00B4 (decimal 180)
   defining Unicode char U+00B5 (decimal 181)
   defining Unicode char U+00B6 (decimal 182)
   defining Unicode char U+00B7 (decimal 183)
   defining Unicode char U+00B9 (decimal 185)
   defining Unicode char U+00BA (decimal 186)
   defining Unicode char U+00BC (decimal 188)
   defining Unicode char U+00BD (decimal 189)
   defining Unicode char U+00BE (decimal 190)
   defining Unicode char U+00D7 (decimal 215)
   defining Unicode char U+00F7 (decimal 247)
   defining Unicode char U+0192 (decimal 402)
   defining Unicode char U+02C7 (decimal 711)
   defining Unicode char U+02D8 (decimal 728)
   defining Unicode char U+02DD (decimal 733)
   defining Unicode char U+0E3F (decimal 3647)
   defining Unicode char U+2016 (decimal 8214)
   defining Unicode char U+2020 (decimal 8224)
   defining Unicode char U+2021 (decimal 8225)
   defining Unicode char U+2022 (decimal 8226)
   defining Unicode char U+2030 (decimal 8240)
   defining Unicode char U+2031 (decimal 8241)
   defining Unicode char U+203B (decimal 8251)
   defining Unicode char U+203D (decimal 8253)
   defining Unicode char U+2044 (decimal 8260)
   defining Unicode char U+204E (decimal 8270)
   defining Unicode char U+2052 (decimal 8274)
   defining Unicode char U+20A1 (decimal 8353)
   defining Unicode char U+20A4 (decimal 8356)
   defining Unicode char U+20A6 (decimal 8358)
   defining Unicode char U+20A9 (decimal 8361)
   defining Unicode char U+20AB (decimal 8363)
   defining Unicode char U+20AC (decimal 8364)
   defining Unicode char U+20B1 (decimal 8369)
   defining Unicode char U+2103 (decimal 8451)
   defining Unicode char U+2116 (decimal 8470)
   defining Unicode char U+2117 (decimal 8471)
   defining Unicode char U+211E (decimal 8478)
   defining Unicode char U+2120 (decimal 8480)
   defining Unicode char U+2122 (decimal 8482)
   defining Unicode char U+2126 (decimal 8486)
   defining Unicode char U+2127 (decimal 8487)
   defining Unicode char U+212E (decimal 8494)
   defining Unicode char U+2190 (decimal 8592)
   defining Unicode char U+2191 (decimal 8593)
   defining Unicode char U+2192 (decimal 8594)
   defining Unicode char U+2193 (decimal 8595)
   defining Unicode char U+2329 (decimal 9001)
   defining Unicode char U+232A (decimal 9002)
   defining Unicode char U+2422 (decimal 9250)
   defining Unicode char U+25E6 (decimal 9702)
   defining Unicode char U+25EF (decimal 9711)
   defining Unicode char U+266A (decimal 9834)
))
LaTeX Info: Redefining \oldstylenums on input line 334.
Package textcomp Info: Setting cmr sub-encoding to TS1/0 on input line 349.
Package textcomp Info: Setting cmss sub-encoding to TS1/0 on input line 350.
Package textcomp Info: Setting cmtt sub-encoding to TS1/0 on input line 351.
Package textcomp Info: Setting cmvtt sub-encoding to TS1/0 on input line 352.
Package textcomp Info: Setting cmbr sub-encoding to TS1/0 on input line 353.
Package textcomp Info: Setting cmtl sub-encoding to TS1/0 on input line 354.
Package textcomp Info: Setting ccr sub-encoding to TS1/0 on input line 355.
Package textcomp Info: Setting ptm sub-encoding to TS1/4 on input line 356.
Package textcomp Info: Setting pcr sub-encoding to TS1/4 on input line 357.
Package textcomp Info: Setting phv sub-encoding to TS1/4 on input line 358.
Package textcomp Info: Setting ppl sub-encoding to TS1/3 on input line 359.
Package textcomp Info: Setting pag sub-encoding to TS1/4 on input line 360.
Package textcomp Info: Setting pbk sub-encoding to TS1/4 on input line 361.
Package textcomp Info: Setting pnc sub-encoding to TS1/4 on input line 362.
Package textcomp Info: Setting pzc sub-encoding to TS1/4 on input line 363.
Package textcomp Info: Setting bch sub-encoding to TS1/4 on input line 364.
Package textcomp Info: Setting put sub-encoding to TS1/5 on input line 365.
Package textcomp Info: Setting uag sub-encoding to TS1/5 on input line 366.
Package textcomp Info: Setting ugq sub-encoding to TS1/5 on input line 367.
Package textcomp Info: Setting ul8 sub-encoding to TS1/4 on input line 368.
Package textcomp Info: Setting ul9 sub-encoding to TS1/4 on input line 369.
Package textcomp Info: Setting augie sub-encoding to TS1/5 on input line 370.
Package textcomp Info: Setting dayrom sub-encoding to TS1/3 on input line 371.
Package textcomp Info: Setting dayroms sub-encoding to TS1/3 on input line 372.

Package textcomp Info: Setting pxr sub-encoding to TS1/0 on input line 373.
Package textcomp Info: Setting pxss sub-encoding to TS1/0 on input line 374.
Package textcomp Info: Setting pxtt sub-encoding to TS1/0 on input line 375.
Package textcomp Info: Setting txr sub-encoding to TS1/0 on input line 376.
Package textcomp Info: Setting txss sub-encoding to TS1/0 on input line 377.
Package textcomp Info: Setting txtt sub-encoding to TS1/0 on input line 378.
Package textcomp Info: Setting lmr sub-encoding to TS1/0 on input line 379.
Package textcomp Info: Setting lmdh sub-encoding to TS1/0 on input line 380.
Package textcomp Info: Setting lmss sub-encoding to TS1/0 on input line 381.
Package textcomp Info: Setting lmssq sub-encoding to TS1/0 on input line 382.
Package textcomp Info: Setting lmvtt sub-encoding to TS1/0 on input line 383.
Package textcomp Info: Setting lmtt sub-encoding to TS1/0 on input line 384.
Package textcomp Info: Setting qhv sub-encoding to TS1/0 on input line 385.
Package textcomp Info: Setting qag sub-encoding to TS1/0 on input line 386.
Package textcomp Info: Setting qbk sub-encoding to TS1/0 on input line 387.
Package textcomp Info: Setting qcr sub-encoding to TS1/0 on input line 388.
Package textcomp Info: Setting qcs sub-encoding to TS1/0 on input line 389.
Package textcomp Info: Setting qpl sub-encoding to TS1/0 on input line 390.
Package textcomp Info: Setting qtm sub-encoding to TS1/0 on input line 391.
Package textcomp Info: Setting qzc sub-encoding to TS1/0 on input line 392.
Package textcomp Info: Setting qhvc sub-encoding to TS1/0 on input line 393.
Package textcomp Info: Setting futs sub-encoding to TS1/4 on input line 394.
Package textcomp Info: Setting futx sub-encoding to TS1/4 on input line 395.
Package textcomp Info: Setting futj sub-encoding to TS1/4 on input line 396.
Package textcomp Info: Setting hlh sub-encoding to TS1/3 on input line 397.
Package textcomp Info: Setting hls sub-encoding to TS1/3 on input line 398.
Package textcomp Info: Setting hlst sub-encoding to TS1/3 on input line 399.
Package textcomp Info: Setting hlct sub-encoding to TS1/5 on input line 400.
Package textcomp Info: Setting hlx sub-encoding to TS1/5 on input line 401.
Package textcomp Info: Setting hlce sub-encoding to TS1/5 on input line 402.
Package textcomp Info: Setting hlcn sub-encoding to TS1/5 on input line 403.
Package textcomp Info: Setting hlcw sub-encoding to TS1/5 on input line 404.
Package textcomp Info: Setting hlcf sub-encoding to TS1/5 on input line 405.
Package textcomp Info: Setting pplx sub-encoding to TS1/3 on input line 406.
Package textcomp Info: Setting pplj sub-encoding to TS1/3 on input line 407.
Package textcomp Info: Setting ptmx sub-encoding to TS1/4 on input line 408.
Package textcomp Info: Setting ptmj sub-encoding to TS1/4 on input line 409.
) (/usr/share/texlive/texmf-dist/tex/latex/wrapfig/wrapfig.sty
\wrapoverhang=\dimen159
\WF@size=\dimen160
\c@WF@wrappedlines=\count170
\WF@box=\box41
\WF@everypar=\toks37
Package: wrapfig 2003/01/31  v 3.6
) (/usr/share/texlive/texmf-dist/tex/latex/listings/lstlang1.sty
File: lstlang1.sty 2015/06/04 1.6 listings language file
) (./main.aux (./intro.aux) (./requirements.aux) (./hardware.aux) (./gui.aux) (
./weekplan.aux) (./colofon.aux))
\openout1 = `main.aux'.

LaTeX Font Info:    Checking defaults for OML/cmm/m/it on input line 63.
LaTeX Font Info:    ... okay on input line 63.
LaTeX Font Info:    Checking defaults for T1/cmr/m/n on input line 63.
LaTeX Font Info:    ... okay on input line 63.
LaTeX Font Info:    Checking defaults for OT1/cmr/m/n on input line 63.
LaTeX Font Info:    ... okay on input line 63.
LaTeX Font Info:    Checking defaults for OMS/cmsy/m/n on input line 63.
LaTeX Font Info:    ... okay on input line 63.
LaTeX Font Info:    Checking defaults for OMX/cmex/m/n on input line 63.
LaTeX Font Info:    ... okay on input line 63.
LaTeX Font Info:    Checking defaults for U/cmr/m/n on input line 63.
LaTeX Font Info:    ... okay on input line 63.
LaTeX Font Info:    Checking defaults for PD1/pdf/m/n on input line 63.
LaTeX Font Info:    ... okay on input line 63.
LaTeX Font Info:    Checking defaults for TS1/cmr/m/n on input line 63.
LaTeX Font Info:    Try loading font information for TS1+cmr on input line 63.
(/usr/share/texlive/texmf-dist/tex/latex/base/ts1cmr.fd
File: ts1cmr.fd 2014/09/29 v2.5h Standard LaTeX font definitions
)
LaTeX Font Info:    ... okay on input line 63.
LaTeX Font Info:    Try loading font information for OT1+ptm on input line 63.
(/usr/share/texlive/texmf-dist/tex/latex/psnfss/ot1ptm.fd
File: ot1ptm.fd 2001/06/04 font definitions for OT1/ptm.
) (/usr/share/texlive/texmf-dist/tex/context/base/supp-pdf.mkii
[Loading MPS to PDF converter (version 2006.09.02).]
\scratchcounter=\count171
\scratchdimen=\dimen161
\scratchbox=\box42
\nofMPsegments=\count172
\nofMParguments=\count173
\everyMPshowfont=\toks38
\MPscratchCnt=\count174
\MPscratchDim=\dimen162
\MPnumerator=\count175
\makeMPintoPDFobject=\count176
\everyMPtoPDFconversion=\toks39
) (/usr/share/texlive/texmf-dist/tex/latex/oberdiek/epstopdf-base.sty
Package: epstopdf-base 2010/02/09 v2.5 Base part for package epstopdf
(/usr/share/texlive/texmf-dist/tex/latex/oberdiek/grfext.sty
Package: grfext 2010/08/19 v1.1 Manage graphics extensions (HO)
)
Package grfext Info: Graphics extension search list:
(grfext)             [.png,.pdf,.jpg,.mps,.jpeg,.jbig2,.jb2,.PNG,.PDF,.JPG,.JPE
G,.JBIG2,.JB2,.eps]
(grfext)             \AppendGraphicsExtensions on input line 452.
(/usr/share/texlive/texmf-dist/tex/latex/latexconfig/epstopdf-sys.cfg
File: epstopdf-sys.cfg 2010/07/13 v1.3 Configuration of (r)epstopdf for TeX Liv
e
)) ABD: EverySelectfont initializing macros
LaTeX Info: Redefining \selectfont on input line 63.
*geometry* driver: auto-detecting
*geometry* detected driver: pdftex
*geometry* verbose mode - [ preamble ] result:
* driver: pdftex
* paper: a4paper
* layout: <same size as paper>
* layoutoffset:(h,v)=(0.0pt,0.0pt)
* bindingoffset: 34.14322pt
* modes: includehead includefoot includemp twoside 
* h-part:(L,W,R)=(15.77585pt, 523.92499pt, 23.66382pt)
* v-part:(T,H,B)=(43.94409pt, 735.18661pt, 65.91614pt)
* \paperwidth=597.50787pt
* \paperheight=845.04684pt
* \textwidth=410.92499pt
* \textheight=668.18661pt
* \oddsidemargin=-22.35092pt
* \evensidemargin=64.39383pt
* \topmargin=-28.3259pt
* \headheight=16.0pt
* \headsep=25.0pt
* \topskip=11.0pt
* \footskip=60.0pt
* \marginparwidth=103.0pt
* \marginparsep=10.0pt
* \columnsep=10.0pt
* \skip\footins=10.0pt plus 4.0pt minus 2.0pt
* \hoffset=0.0pt
* \voffset=0.0pt
* \mag=1000
* \@twocolumnfalse
* \@twosidetrue
* \@mparswitchtrue
* \@reversemarginfalse
* (1in=72.27pt=25.4mm, 1cm=28.453pt)

\c@lstlisting=\count177
(/usr/share/texlive/texmf-dist/tex/latex/jurabib/enjbbib.ldf
File: enjbbib.ldf jurabib English language definitions
)
\AtBeginShipoutBox=\box43
ABD: EveryShipout initializing macros
Package hyperref Info: Link coloring OFF on input line 63.
(/usr/share/texlive/texmf-dist/tex/latex/hyperref/nameref.sty
Package: nameref 2012/10/27 v2.43 Cross-referencing by name of section
(/usr/share/texlive/texmf-dist/tex/generic/oberdiek/gettitlestring.sty
Package: gettitlestring 2010/12/03 v1.4 Cleanup title references (HO)
)
\c@section@level=\count178
LaTeX Info: Redefining \Ref on input line 513.
)
LaTeX Info: Redefining \ref on input line 63.
LaTeX Info: Redefining \pageref on input line 63.
LaTeX Info: Redefining \nameref on input line 63.
(./main.out) (./main.out)
\@outlinefile=\write5
\openout5 = `main.out'.

LaTeX Info: Redefining \Ref on input line 63.
(./frontpage.tex
LaTeX Font Info:    Try loading font information for OT1+phv on input line 17.
(/usr/share/texlive/texmf-dist/tex/latex/psnfss/ot1phv.fd
File: ot1phv.fd 2001/06/04 scalable font definitions for OT1/phv.
)
LaTeX Font Info:    Font shape `OT1/phv/bx/n' in size <12> not available
(Font)              Font shape `OT1/phv/b/n' tried instead on input line 17.
LaTeX Font Info:    Font shape `OT1/ptm/bx/n' in size <24.88> not available
(Font)              Font shape `OT1/ptm/b/n' tried instead on input line 24.
<figures/elevator_zep.jpg, id=124, 44.5665pt x 42.27795pt>
File: figures/elevator_zep.jpg Graphic file (type jpg)
<use figures/elevator_zep.jpg>
Package pdftex.def Info: figures/elevator_zep.jpg used on input line 32.
(pdftex.def)             Requested size: 472.69966pt x 448.1309pt.

Overfull \hbox (61.77467pt too wide) in paragraph at lines 32--33
 [][]
 []

<figures/fontys-page.pdf, id=125, 1690.09372pt x 2392.87677pt>
File: figures/fontys-page.pdf Graphic file (type pdf)
<use figures/fontys-page.pdf>
Package pdftex.def Info: figures/fontys-page.pdf used on input line 37.
(pdftex.def)             Requested size: 626.71748pt x 887.32222pt.

Overfull \hbox (29.20961pt too wide) has occurred while \output is active
 [][] 
 []

[1.1{/var/lib/texmf/fonts/map/pdftex/updmap/pdftex.map}

 <./figures/fontys-page.pdf> <./figures/elevator_zep.jpg>] [2.2

]) (./history.tex
LaTeX Font Info:    Font shape `OT1/ptm/bx/n' in size <14.4> not available
(Font)              Font shape `OT1/ptm/b/n' tried instead on input line 1.
LaTeX Font Info:    Font shape `OT1/ptm/bx/n' in size <10.95> not available
(Font)              Font shape `OT1/ptm/b/n' tried instead on input line 4.

Overfull \hbox (1.61044pt too wide) in paragraph at lines 4--4
[]|\OT1/ptm/b/n/10.95 Version/date| 
 []


Overfull \hbox (3.1815pt too wide) in paragraph at lines 4--4
[]|\OT1/ptm/b/n/10.95 author| 
 []


Overfull \hbox (25.01353pt too wide) in paragraph at lines 3--14
[] 
 []

) <figures/fon000_00c.pdf, id=140, 95.35625pt x 72.27pt>
File: figures/fon000_00c.pdf Graphic file (type pdf)
<use figures/fon000_00c.pdf>
Package pdftex.def Info: figures/fon000_00c.pdf used on input line 70.
(pdftex.def)             Requested size: 56.9055pt x 43.12854pt.
pdfTeX warning (ext4): destination with the same identifier (name{page.i}) has 
been already used, duplicate ignored
<to be read again> 
                   \relax 
l.70 \tableofcontents
                      [1.3 <./figures/fon000_00c.pdf>]
LaTeX Font Info:    Try loading font information for T1+pag on input line 70.
(/usr/share/texlive/texmf-dist/tex/latex/psnfss/t1pag.fd
File: t1pag.fd 2001/06/04 font definitions for T1/pag.
)
LaTeX Font Info:    Font shape `T1/pag/b/n' in size <20.74> not available
(Font)              Font shape `T1/pag/db/n' tried instead on input line 70.
LaTeX Font Info:    Font shape `T1/pag/b/n' in size <100> not available
(Font)              Font shape `T1/pag/db/n' tried instead on input line 70.

Package xcolor Warning: Incompatible color definition on input line 70.

(./main.toc)
\tf@toc=\write6
\openout6 = `main.toc'.

File: figures/fon000_00c.pdf Graphic file (type pdf)
<use figures/fon000_00c.pdf>
Package pdftex.def Info: figures/fon000_00c.pdf used on input line 71.
(pdftex.def)             Requested size: 56.9055pt x 43.12854pt.
pdfTeX warning (ext4): destination with the same identifier (name{page.ii}) has
 been already used, duplicate ignored
<to be read again> 
                   \relax 
l.71 \cleardoublepage
                      [2.4

]

Package xcolor Warning: Incompatible color definition on input line 72.

(./main.lof)
\tf@lof=\write7
\openout7 = `main.lof'.

File: figures/fon000_00c.pdf Graphic file (type pdf)
<use figures/fon000_00c.pdf>
Package pdftex.def Info: figures/fon000_00c.pdf used on input line 73.
(pdftex.def)             Requested size: 56.9055pt x 43.12854pt.
[3.5


]

Package xcolor Warning: Incompatible color definition on input line 73.

(./main.lol)
\tf@lol=\write8
\openout8 = `main.lol'.

File: figures/fon000_00c.pdf Graphic file (type pdf)
<use figures/fon000_00c.pdf>
Package pdftex.def Info: figures/fon000_00c.pdf used on input line 74.
(pdftex.def)             Requested size: 56.9055pt x 43.12854pt.
[4.6

]
\openout2 = `intro.aux'.

(./intro.tex
Chapter 1.

Package xcolor Warning: Incompatible color definition on input line 13.

<figures/INT082E06-description4.jpg, id=203, 401.5pt x 356.33125pt>
File: figures/INT082E06-description4.jpg Graphic file (type jpg)
<use figures/INT082E06-description4.jpg>
Package pdftex.def Info: figures/INT082E06-description4.jpg used on input line 
15.
(pdftex.def)             Requested size: 113.81102pt x 101.0063pt.
LaTeX Font Info:    Font shape `OT1/ptm/bx/n' in size <12> not available
(Font)              Font shape `OT1/ptm/b/n' tried instead on input line 24.
LaTeX Font Info:    Try loading font information for TS1+ptm on input line 27.
(/usr/share/texlive/texmf-dist/tex/latex/psnfss/ts1ptm.fd
File: ts1ptm.fd 2001/06/04 font definitions for TS1/ptm.
)
File: figures/fon000_00c.pdf Graphic file (type pdf)
<use figures/fon000_00c.pdf>
Package pdftex.def Info: figures/fon000_00c.pdf used on input line 59.
(pdftex.def)             Requested size: 56.9055pt x 43.12854pt.
[1.7



 <./figures/INT082E06-description4.jpg>]
LaTeX Font Info:    Try loading font information for OT1+pcr on input line 84.
(/usr/share/texlive/texmf-dist/tex/latex/psnfss/ot1pcr.fd
File: ot1pcr.fd 2001/06/04 font definitions for OT1/pcr.
) <tables/learninggoals-crop.pdf, id=218, 323.2075pt x 112.42pt>
File: tables/learninggoals-crop.pdf Graphic file (type pdf)
<use tables/learninggoals-crop.pdf>
Package pdftex.def Info: tables/learninggoals-crop.pdf used on input line 92.
(pdftex.def)             Requested size: 323.20671pt x 112.41972pt.
<tables/timetable-crop.pdf, id=219, 368.37625pt x 97.36375pt>
File: tables/timetable-crop.pdf Graphic file (type pdf)
<use tables/timetable-crop.pdf>
Package pdftex.def Info: tables/timetable-crop.pdf used on input line 101.
(pdftex.def)             Requested size: 368.37534pt x 97.3635pt.

Underfull \vbox (badness 10000) has occurred while \output is active []

File: figures/fon000_00c.pdf Graphic file (type pdf)
<use figures/fon000_00c.pdf>
Package pdftex.def Info: figures/fon000_00c.pdf used on input line 102.
(pdftex.def)             Requested size: 56.9055pt x 43.12854pt.
[2.8 <./tables/learninggoals-crop.pdf>])
File: figures/fon000_00c.pdf Graphic file (type pdf)
<use figures/fon000_00c.pdf>
Package pdftex.def Info: figures/fon000_00c.pdf used on input line 79.
(pdftex.def)             Requested size: 56.9055pt x 43.12854pt.
[3.9 <./tables/timetable-crop.pdf>]
\openout2 = `requirements.aux'.

(./requirements.tex
Chapter 2.

Package xcolor Warning: Incompatible color definition on input line 15.


<figures/nurse_jackie_gal2_pr01_elevator.jpg, id=278, 501.875pt x 376.40625pt>
File: figures/nurse_jackie_gal2_pr01_elevator.jpg Graphic file (type jpg)
<use figures/nurse_jackie_gal2_pr01_elevator.jpg>
Package pdftex.def Info: figures/nurse_jackie_gal2_pr01_elevator.jpg used on in
put line 17.
(pdftex.def)             Requested size: 170.71652pt x 128.0396pt.

Underfull \vbox (badness 10000) has occurred while \output is active []

File: figures/fon000_00c.pdf Graphic file (type pdf)
<use figures/fon000_00c.pdf>
Package pdftex.def Info: figures/fon000_00c.pdf used on input line 61.
(pdftex.def)             Requested size: 56.9055pt x 43.12854pt.
[4.10



 <./figures/nurse_jackie_gal2_pr01_elevator.jpg>]
File: figures/fon000_00c.pdf Graphic file (type pdf)
<use figures/fon000_00c.pdf>
Package pdftex.def Info: figures/fon000_00c.pdf used on input line 122.
(pdftex.def)             Requested size: 56.9055pt x 43.12854pt.
[5.11]
Overfull \hbox (0.5711pt too wide) in paragraph at lines 146--149
[]\OT1/ptm/m/n/10.95 All doc-u-men-ta-tion, in-clud-ing anal-y-sis and de-sign 
doc-u-ments as well as all source
 []


Overfull \hbox (52.08078pt too wide) in paragraph at lines 162--172
\OT1/ptm/m/n/10.95 will be used on svn com-mit on all Java code us-ing \OT1/ptm
/b/n/10.95 check-style[][][] \OT1/ptm/m/n/10.95 with the \OT1/pcr/m/n/10.95 seb
ivenlo[]checks.xml
 []

File: figures/fon000_00c.pdf Graphic file (type pdf)
<use figures/fon000_00c.pdf>
Package pdftex.def Info: figures/fon000_00c.pdf used on input line 180.
(pdftex.def)             Requested size: 56.9055pt x 43.12854pt.
[6.12]
(../40_sources/sevenloio/sevenlowarrior//src/main/java/nl/fontys/sevenlo/iowarr
ior/IOWarriorConnector.java
LaTeX Font Info:    Try loading font information for OMS+ptm on input line 13.
(/usr/share/texlive/texmf-dist/tex/latex/psnfss/omsptm.fd
File: omsptm.fd 
)
LaTeX Font Info:    Font shape `OMS/ptm/m/n' in size <8> not available
(Font)              Font shape `OMS/cmsy/m/n' tried instead on input line 13.
)
(../40_sources/sevenloio/sevenlowarrior//src/main/java//nl/fontys/sevenlo/iowar
rior/IOWarriorConnector.java)
Underfull \vbox (badness 10000) has occurred while \output is active []

File: figures/fon000_00c.pdf Graphic file (type pdf)
<use figures/fon000_00c.pdf>
Package pdftex.def Info: figures/fon000_00c.pdf used on input line 220.
(pdftex.def)             Requested size: 56.9055pt x 43.12854pt.
[7.13])
File: figures/fon000_00c.pdf Graphic file (type pdf)
<use figures/fon000_00c.pdf>
Package pdftex.def Info: figures/fon000_00c.pdf used on input line 80.
(pdftex.def)             Requested size: 56.9055pt x 43.12854pt.
[8.14]
\openout2 = `hardware.aux'.

(./hardware.tex
Chapter 3.

Package xcolor Warning: Incompatible color definition on input line 14.

<figures/elevatormotorroom.jpeg, id=347, 259.97125pt x 194.7275pt>
File: figures/elevatormotorroom.jpeg Graphic file (type jpg)
<use figures/elevatormotorroom.jpeg>
Package pdftex.def Info: figures/elevatormotorroom.jpeg used on input line 18.
(pdftex.def)             Requested size: 113.81102pt x 85.24654pt.
<figures/doorsim.pdf, id=349, 914.39696pt x 320.1836pt>
File: figures/doorsim.pdf Graphic file (type pdf)
<use figures/doorsim.pdf>
Package pdftex.def Info: figures/doorsim.pdf used on input line 61.
(pdftex.def)             Requested size: 410.92499pt x 143.89075pt.

Underfull \vbox (badness 10000) has occurred while \output is active []

File: figures/fon000_00c.pdf Graphic file (type pdf)
<use figures/fon000_00c.pdf>
Package pdftex.def Info: figures/fon000_00c.pdf used on input line 70.
(pdftex.def)             Requested size: 56.9055pt x 43.12854pt.
[9.15



 <./figures/elevatormotorroom.jpeg>] <figures/lift2.png, id=368, 140.2038pt x 2
31.9867pt>
File: figures/lift2.png Graphic file (type png)
<use figures/lift2.png>
Package pdftex.def Info: figures/lift2.png used on input line 130.
(pdftex.def)             Requested size: 165.02597pt x 273.05872pt.

Underfull \vbox (badness 10000) has occurred while \output is active []

File: figures/fon000_00c.pdf Graphic file (type pdf)
<use figures/fon000_00c.pdf>
Package pdftex.def Info: figures/fon000_00c.pdf used on input line 167.
(pdftex.def)             Requested size: 56.9055pt x 43.12854pt.
[10.16 <./figures/doorsim.pdf> <./figures/lift2.png>]
File: figures/fon000_00c.pdf Graphic file (type pdf)
<use figures/fon000_00c.pdf>
Package pdftex.def Info: figures/fon000_00c.pdf used on input line 167.
(pdftex.def)             Requested size: 56.9055pt x 43.12854pt.
[11.17] <figures/hwio.pdf, id=386, 904.178pt x 462.52798pt>
File: figures/hwio.pdf Graphic file (type pdf)
<use figures/hwio.pdf>
Package pdftex.def Info: figures/hwio.pdf used on input line 221.
(pdftex.def)             Requested size: 410.92499pt x 210.21059pt.

Underfull \vbox (badness 10000) has occurred while \output is active []

File: figures/fon000_00c.pdf Graphic file (type pdf)
<use figures/fon000_00c.pdf>
Package pdftex.def Info: figures/fon000_00c.pdf used on input line 232.
(pdftex.def)             Requested size: 56.9055pt x 43.12854pt.
[12.18]
LaTeX Font Info:    Font shape `OMS/ptm/m/n' in size <10.95> not available
(Font)              Font shape `OMS/cmsy/m/n' tried instead on input line 266.
File: figures/fon000_00c.pdf Graphic file (type pdf)
<use figures/fon000_00c.pdf>
Package pdftex.def Info: figures/fon000_00c.pdf used on input line 277.
(pdftex.def)             Requested size: 56.9055pt x 43.12854pt.
[13.19 <./figures/hwio.pdf>] (./tables/logops.tex)
Overfull \hbox (9.4346pt too wide) in paragraph at lines 2--289
[][]
 []


Underfull \hbox (badness 10000) in paragraph at lines 2--289

 []

)
File: figures/fon000_00c.pdf Graphic file (type pdf)
<use figures/fon000_00c.pdf>
Package pdftex.def Info: figures/fon000_00c.pdf used on input line 81.
(pdftex.def)             Requested size: 56.9055pt x 43.12854pt.
[14.20]
\openout2 = `gui.aux'.

(./gui.tex
Chapter 4.

Package xcolor Warning: Incompatible color definition on input line 12.

<figures/gui-preview-02.jpg, id=848, 803.0pt x 602.25pt>
File: figures/gui-preview-02.jpg Graphic file (type jpg)
<use figures/gui-preview-02.jpg>
Package pdftex.def Info: figures/gui-preview-02.jpg used on input line 14.
(pdftex.def)             Requested size: 165.02597pt x 123.7653pt.

Overfull \hbox (14.79912pt too wide) in paragraph at lines 25--29
[]\OT1/ptm/m/n/10.95 The doc-u-ment []$\OT1/pcr/m/n/10.95 http : / / java . sun
 . com / products / jfc / tsc / articles / painting/$[]
 []

<figures/180dialbrassnumbers.jpg, id=851, 642.4pt x 466.74374pt>
File: figures/180dialbrassnumbers.jpg Graphic file (type jpg)
<use figures/180dialbrassnumbers.jpg>
Package pdftex.def Info: figures/180dialbrassnumbers.jpg used on input line 54.

(pdftex.def)             Requested size: 165.02597pt x 119.89763pt.
File: figures/fon000_00c.pdf Graphic file (type pdf)
<use figures/fon000_00c.pdf>
Package pdftex.def Info: figures/fon000_00c.pdf used on input line 54.
(pdftex.def)             Requested size: 56.9055pt x 43.12854pt.
[15.21



 <./figures/gui-preview-02.jpg>]
Overfull \hbox (6.6677pt too wide) in paragraph at lines 54--59
 []\OT1/ptm/b/n/10.95 Cage po-si-tion in-di-ca-tion[] \OT1/ptm/m/n/10.95 As in 
the hard-ware model,
 []

)
File: figures/fon000_00c.pdf Graphic file (type pdf)
<use figures/fon000_00c.pdf>
Package pdftex.def Info: figures/fon000_00c.pdf used on input line 82.
(pdftex.def)             Requested size: 56.9055pt x 43.12854pt.
[16.22 <./figures/180dialbrassnumbers.jpg>]
\openout2 = `weekplan.aux'.

(./weekplan.tex
Chapter 5.

Package xcolor Warning: Incompatible color definition on input line 12.

<figures/WorkinProgress.jpg, id=870, 204.16275pt x 155.3805pt>
File: figures/WorkinProgress.jpg Graphic file (type jpg)
<use figures/WorkinProgress.jpg>
Package pdftex.def Info: figures/WorkinProgress.jpg used on input line 14.
(pdftex.def)             Requested size: 145.10905pt x 110.43945pt.
File: figures/fon000_00c.pdf Graphic file (type pdf)
<use figures/fon000_00c.pdf>
Package pdftex.def Info: figures/fon000_00c.pdf used on input line 53.
(pdftex.def)             Requested size: 56.9055pt x 43.12854pt.
[17.23



 <./figures/WorkinProgress.jpg>]
LaTeX Font Info:    Font shape `OT1/pcr/m/it' in size <10.95> not available
(Font)              Font shape `OT1/pcr/m/sl' tried instead on input line 73.
LaTeX Font Info:    Font shape `OT1/pcr/bx/it' in size <10.95> not available
(Font)              Font shape `OT1/pcr/b/it' tried instead on input line 73.
LaTeX Font Info:    Font shape `OT1/pcr/b/it' in size <10.95> not available
(Font)              Font shape `OT1/pcr/b/sl' tried instead on input line 73.
File: figures/fon000_00c.pdf Graphic file (type pdf)
<use figures/fon000_00c.pdf>
Package pdftex.def Info: figures/fon000_00c.pdf used on input line 127.
(pdftex.def)             Requested size: 56.9055pt x 43.12854pt.
[18.24]
Overfull \hbox (1.98653pt too wide) in paragraph at lines 132--133
[]\OT1/ptm/m/n/10.95 The li-brary proper is at []\OT1/pcr/m/n/10.95 /usr/share/
java/sevenlowarrior.jar[]\OT1/ptm/m/n/10.95 . 
 []


Overfull \hbox (1.98653pt too wide) in paragraph at lines 138--139
[]\OT1/ptm/m/n/10.95 The li-brary proper is at []\OT1/pcr/m/n/10.95 /usr/share/
java/sevenlowidgets.jar[]\OT1/ptm/m/n/10.95 . 
 []

<figures/projecttree.png, id=892, 157.388pt x 313.17pt>
File: figures/projecttree.png Graphic file (type png)
<use figures/projecttree.png>
Package pdftex.def Info: figures/projecttree.png used on input line 171.
(pdftex.def)             Requested size: 110.96574pt x 220.80399pt.
File: figures/fon000_00c.pdf Graphic file (type pdf)
<use figures/fon000_00c.pdf>
Package pdftex.def Info: figures/fon000_00c.pdf used on input line 171.
(pdftex.def)             Requested size: 56.9055pt x 43.12854pt.
[19.25]
Overfull \hbox (5.68866pt too wide) in paragraph at lines 171--179
[]\OT1/ptm/m/n/10.95 The repos-i-tory con-tains a pre-de-fined di-rec-tory stru
c-ture. All source
 []


Overfull \hbox (4.95552pt too wide) in paragraph at lines 180--183
 []\OT1/ptm/b/n/10.95 Project name[] \OT1/ptm/m/n/10.95 The net-beans projects 
shall be named with a group
 []


Overfull \hbox (18.99988pt too wide) in paragraph at lines 201--208
\OT1/ptm/m/n/10.95 tion in the svn-book at []$\OT1/pcr/m/n/10.95 http : / / svn
book . red-[]bean . com / en / 1 . 5 / svn . branchmerge .
 []


Overfull \hbox (29.10948pt too wide) in paragraph at lines 209--210
[]\OT1/ptm/m/n/10.95 In git, tag-ging is sim-ple too, See []$\OT1/pcr/m/n/10.95
 http : / / git-[]scm . com / book / en / Git-[]Basics-[]Tagging$[]\OT1/ptm/m/n
/10.95 . 
 []

File: figures/fon000_00c.pdf Graphic file (type pdf)
<use figures/fon000_00c.pdf>
Package pdftex.def Info: figures/fon000_00c.pdf used on input line 230.
(pdftex.def)             Requested size: 56.9055pt x 43.12854pt.
[20.26 <./figures/projecttree.png>]
Overfull \hbox (9.00995pt too wide) in paragraph at lines 267--268
\OT1/ptm/m/n/10.95 TAG WEEK1 
 []


Overfull \hbox (9.00995pt too wide) in paragraph at lines 295--296
\OT1/ptm/m/n/10.95 TAG WEEK2 
 []


Overfull \hbox (9.00995pt too wide) in paragraph at lines 322--323
\OT1/ptm/m/n/10.95 TAG WEEK3 
 []


Overfull \hbox (9.00995pt too wide) in paragraph at lines 347--348
\OT1/ptm/m/n/10.95 TAG WEEK4 
 []


Overfull \hbox (9.00995pt too wide) in paragraph at lines 367--368
\OT1/ptm/m/n/10.95 TAG WEEK5 
 []


Underfull \hbox (badness 10000) in paragraph at lines 382--382
[]|\OT1/ptm/m/n/10.95 SCM
 []


Overfull \hbox (3.3194pt too wide) in paragraph at lines 382--382
\OT1/ptm/m/n/10.95 TAG WEEK6| 
 []


Underfull \hbox (badness 10000) in paragraph at lines 402--407
[]\OT1/ptm/m/n/10.95 SCM +
 []


Overfull \hbox (9.00995pt too wide) in paragraph at lines 402--407
\OT1/ptm/m/n/10.95 TAG WEEK7 
 []


Underfull \hbox (badness 10000) in paragraph at lines 402--407
\OT1/ptm/m/n/10.95 +reports
 []


Overfull \hbox (2.30789pt too wide) in paragraph at lines 402--407
\OT1/ptm/m/n/10.95 presentation 
 []

File: figures/fon000_00c.pdf Graphic file (type pdf)
<use figures/fon000_00c.pdf>
Package pdftex.def Info: figures/fon000_00c.pdf used on input line 440.
(pdftex.def)             Requested size: 56.9055pt x 43.12854pt.
[21.27]
File: figures/fon000_00c.pdf Graphic file (type pdf)
<use figures/fon000_00c.pdf>
Package pdftex.def Info: figures/fon000_00c.pdf used on input line 440.
(pdftex.def)             Requested size: 56.9055pt x 43.12854pt.
[22.28]
File: figures/fon000_00c.pdf Graphic file (type pdf)
<use figures/fon000_00c.pdf>
Package pdftex.def Info: figures/fon000_00c.pdf used on input line 440.
(pdftex.def)             Requested size: 56.9055pt x 43.12854pt.
[23.29])
File: figures/fon000_00c.pdf Graphic file (type pdf)
<use figures/fon000_00c.pdf>
Package pdftex.def Info: figures/fon000_00c.pdf used on input line 83.
(pdftex.def)             Requested size: 56.9055pt x 43.12854pt.
[24.30] (./main.bbl

Package xcolor Warning: Incompatible color definition on input line 4.


Underfull \hbox (badness 2334) in paragraph at lines 34--35
[]\OT1/ptm/b/n/10.95 Douglass, Bruce Powel: \OT1/ptm/m/n/10.95 Do-ing Hard Time
: De-vel-op-ing Real-Time Sys-tems with
 []

)
File: figures/fon000_00c.pdf Graphic file (type pdf)
<use figures/fon000_00c.pdf>
Package pdftex.def Info: figures/fon000_00c.pdf used on input line 86.
(pdftex.def)             Requested size: 56.9055pt x 43.12854pt.
[25.31


]
\openout2 = `colofon.aux'.

(./colofon.tex)
File: figures/fon000_00c.pdf Graphic file (type pdf)
<use figures/fon000_00c.pdf>
Package pdftex.def Info: figures/fon000_00c.pdf used on input line 86.
(pdftex.def)             Requested size: 56.9055pt x 43.12854pt.
[26.32

]
page number is now 32
[27.33

] [28.34

] [29.35

] <figures/elevator1.jpg, id=953, 471.7625pt x 471.7625pt>
File: figures/elevator1.jpg Graphic file (type jpg)
<use figures/elevator1.jpg>
Package pdftex.def Info: figures/elevator1.jpg used on input line 87.
(pdftex.def)             Requested size: 184.9429pt x 184.94403pt.
File: figures/lift2.png Graphic file (type png)
<use figures/lift2.png>
Package pdftex.def Info: figures/lift2.png used on input line 87.
(pdftex.def)             Requested size: 298.75394pt x 494.38287pt.

Overfull \hbox (44.31671pt too wide) in paragraph at lines 87--87
[][] 
 []

File: figures/fontys-page.pdf Graphic file (type pdf)
<use figures/fontys-page.pdf>
Package pdftex.def Info: figures/fontys-page.pdf used on input line 87.
(pdftex.def)             Requested size: 626.71748pt x 887.32222pt.

Overfull \hbox (29.20961pt too wide) has occurred while \output is active
 [][] 
 []

[30.36

 <./figures/elevator1.jpg>]
Package atveryend Info: Empty hook `BeforeClearDocument' on input line 87.
Package atveryend Info: Empty hook `AfterLastShipout' on input line 87.
(./main.aux (./intro.aux) (./requirements.aux) (./hardware.aux) (./gui.aux) (./
weekplan.aux) (./colofon.aux))
Package atveryend Info: Executing hook `AtVeryEndDocument' on input line 87.
Package atveryend Info: Executing hook `AtEndAfterFileList' on input line 87.
Package rerunfilecheck Info: File `main.out' has not changed.
(rerunfilecheck)             Checksum: D0255CB43268AC1553148A980D7FD6D5;2065.
Package atveryend Info: Empty hook `AtVeryVeryEnd' on input line 87.
 ) 
Here is how much of TeX's memory you used:
 12854 strings out of 493029
 181582 string characters out of 6136234
 454580 words of memory out of 5000000
 15873 multiletter control sequences out of 15000+600000
 51336 words of font info for 87 fonts, out of 8000000 for 9000
 1141 hyphenation exceptions out of 8191
 43i,16n,50p,580b,1434s stack positions out of 5000i,500n,10000p,200000b,80000s
{/usr/share/texlive/texmf-dist/fonts/enc/dvips/base/8r.enc}</usr/share/texliv
e/texmf-dist/fonts/type1/public/amsfonts/cm/cmmi10.pfb></usr/share/texlive/texm
f-dist/fonts/type1/public/amsfonts/cm/cmr10.pfb></usr/share/texlive/texmf-dist/
fonts/type1/public/amsfonts/cm/cmsy10.pfb></usr/share/texlive/texmf-dist/fonts/
type1/public/amsfonts/cm/cmsy8.pfb></usr/share/texlive/texmf-dist/fonts/type1/u
rw/avantgar/uagd8a.pfb></usr/share/texlive/texmf-dist/fonts/type1/urw/courier/u
crbo8a.pfb></usr/share/texlive/texmf-dist/fonts/type1/urw/courier/ucrr8a.pfb></
usr/share/texlive/texmf-dist/fonts/type1/urw/helvetic/uhvb8a.pfb></usr/share/te
xlive/texmf-dist/fonts/type1/urw/helvetic/uhvr8a.pfb></usr/share/texlive/texmf-
dist/fonts/type1/urw/helvetic/uhvro8a.pfb></usr/share/texlive/texmf-dist/fonts/
type1/urw/times/utmb8a.pfb></usr/share/texlive/texmf-dist/fonts/type1/urw/times
/utmr8a.pfb></usr/share/texlive/texmf-dist/fonts/type1/urw/times/utmri8a.pfb>
Output written on main.pdf (36 pages, 1926017 bytes).
PDF statistics:
 1039 PDF objects out of 1200 (max. 8388607)
 804 compressed objects within 9 object streams
 163 named destinations out of 1000 (max. 500000)
 321 words of extra memory for PDF output out of 10000 (max. 10000000)

